<?xml version="1.0" encoding="UTF-8"?>
<testsuite xmlns:xsi="http://www.w3.org/2001/XMLSchema-instance" xsi:noNamespaceSchemaLocation="https://maven.apache.org/surefire/maven-surefire-plugin/xsd/surefire-test-report-3.0.xsd" version="3.0" name="com.pangan.animedb.AnimedbApplicationTests" time="3.859" tests="1" errors="0" skipped="0" failures="0">
  <properties>
[...]
</properties>
  <testcase name="contextLoads" classname="com.pangan.animedb.AnimedbApplicationTests" time="0.666">
    <system-out><![CDATA[15:27:16.571 [main] INFO org.springframework.test.context.support.AnnotationConfigContextLoaderUtils -- Could not detect default configuration classes for test class [com.pangan.animedb.AnimedbApplicationTests]: AnimedbApplicationTests does not declare any static, non-private, non-final, nested classes annotated with @Configuration.
15:27:16.701 [main] INFO org.springframework.boot.test.context.SpringBootTestContextBootstrapper -- Found @SpringBootConfiguration com.pangan.animedb.AnimedbApplication for test class com.pangan.animedb.AnimedbApplicationTests

  .   ____          _            __ _ _
 /\\ / ___'_ __ _ _(_)_ __  __ _ \ \ \ \
( ( )\___ | '_ | '_| | '_ \/ _` | \ \ \ \
 \\/  ___)| |_)| | | | | || (_| |  ) ) ) )
  '  |____| .__|_| |_|_| |_\__, | / / / /
 =========|_|==============|___/=/_/_/_/
 :: Spring Boot ::                (v3.1.1)

2023-08-17T15:27:17.176+08:00  INFO 11628 --- [           main] c.p.animedb.AnimedbApplicationTests      : Starting AnimedbApplicationTests using Java 20.0.2 with PID 11628 (started by User in D:\User\Documents\Spring Boot\Anime DB\springboot\animedb)
2023-08-17T15:27:17.178+08:00  INFO 11628 --- [           main] c.p.animedb.AnimedbApplicationTests      : No active profile set, falling back to 1 default profile: "default"
2023-08-17T15:27:18.091+08:00  INFO 11628 --- [           main] .s.d.r.c.RepositoryConfigurationDelegate : Bootstrapping Spring Data MongoDB repositories in DEFAULT mode.
2023-08-17T15:27:18.163+08:00  INFO 11628 --- [           main] .s.d.r.c.RepositoryConfigurationDelegate : Finished Spring Data repository scanning in 67 ms. Found 5 MongoDB repository interfaces.
2023-08-17T15:27:18.624+08:00  INFO 11628 --- [           main] org.mongodb.driver.client                : MongoClient with metadata {"driver": {"name": "mongo-java-driver|sync|spring-boot", "version": "4.9.1"}, "os": {"type": "Windows", "name": "Windows 10", "architecture": "amd64", "version": "10.0"}, "platform": "Java/Eclipse Adoptium/20.0.2+9"} created with settings MongoClientSettings{readPreference=primary, writeConcern=WriteConcern{w=null, wTimeout=null ms, journal=null}, retryWrites=true, retryReads=true, readConcern=ReadConcern{level=null}, credential=null, streamFactoryFactory=null, commandListeners=[], codecRegistry=ProvidersCodecRegistry{codecProviders=[ValueCodecProvider{}, BsonValueCodecProvider{}, DBRefCodecProvider{}, DBObjectCodecProvider{}, DocumentCodecProvider{}, CollectionCodecProvider{}, IterableCodecProvider{}, MapCodecProvider{}, GeoJsonCodecProvider{}, GridFSFileCodecProvider{}, Jsr310CodecProvider{}, JsonObjectCodecProvider{}, BsonCodecProvider{}, EnumCodecProvider{}, com.mongodb.client.model.mql.ExpressionCodecProvider@71370fec, com.mongodb.Jep395RecordCodecProvider@6707a4bf]}, loggerSettings=LoggerSettings{maxDocumentLength=1000}, clusterSettings={hosts=[localhost:27017], srvServiceName=mongodb, mode=SINGLE, requiredClusterType=UNKNOWN, requiredReplicaSetName='null', serverSelector='null', clusterListeners='[]', serverSelectionTimeout='30000 ms', localThreshold='30000 ms'}, socketSettings=SocketSettings{connectTimeoutMS=10000, readTimeoutMS=0, receiveBufferSize=0, sendBufferSize=0}, heartbeatSocketSettings=SocketSettings{connectTimeoutMS=10000, readTimeoutMS=10000, receiveBufferSize=0, sendBufferSize=0}, connectionPoolSettings=ConnectionPoolSettings{maxSize=100, minSize=0, maxWaitTimeMS=120000, maxConnectionLifeTimeMS=0, maxConnectionIdleTimeMS=0, maintenanceInitialDelayMS=0, maintenanceFrequencyMS=60000, connectionPoolListeners=[], maxConnecting=2}, serverSettings=ServerSettings{heartbeatFrequencyMS=10000, minHeartbeatFrequencyMS=500, serverListeners='[]', serverMonitorListeners='[]'}, sslSettings=SslSettings{enabled=false, invalidHostNameAllowed=false, context=null}, applicationName='null', compressorList=[], uuidRepresentation=JAVA_LEGACY, serverApi=null, autoEncryptionSettings=null, contextProvider=null}
2023-08-17T15:27:18.649+08:00  INFO 11628 --- [localhost:27017] org.mongodb.driver.cluster               : Monitor thread successfully connected to server with description ServerDescription{address=localhost:27017, type=STANDALONE, state=CONNECTED, ok=true, minWireVersion=0, maxWireVersion=17, maxDocumentSize=16777216, logicalSessionTimeoutMinutes=30, roundTripTimeNanos=17680100}
2023-08-17T15:27:19.390+08:00  INFO 11628 --- [           main] o.s.s.web.DefaultSecurityFilterChain     : Will secure any request with [org.springframework.security.web.session.DisableEncodeUrlFilter@23afc725, org.springframework.security.web.context.request.async.WebAsyncManagerIntegrationFilter@5d3f99d7, org.springframework.security.web.context.SecurityContextHolderFilter@72b40f87, org.springframework.security.web.header.HeaderWriterFilter@384472bf, org.springframework.security.web.authentication.logout.LogoutFilter@2084e65a, com.pangan.animedb.auth.jwt.JwtAuthenticationFilter@561d88ee, org.springframework.security.web.authentication.www.BasicAuthenticationFilter@30fbc23, org.springframework.security.web.savedrequest.RequestCacheAwareFilter@19bf47fc, org.springframework.security.web.servletapi.SecurityContextHolderAwareRequestFilter@4b07cad0, org.springframework.security.web.authentication.AnonymousAuthenticationFilter@2c34402, org.springframework.security.web.session.SessionManagementFilter@a3b858f, org.springframework.security.web.access.ExceptionTranslationFilter@7185e611, org.springframework.security.web.access.intercept.AuthorizationFilter@4586a8aa]
2023-08-17T15:27:19.576+08:00  INFO 11628 --- [           main] c.p.animedb.AnimedbApplicationTests      : Started AnimedbApplicationTests in 2.674 seconds (process running for 3.941)
]]></system-out>
  </testcase>
</testsuite>