<?xml version="1.0" encoding="UTF-8"?>
<testsuite xmlns:xsi="http://www.w3.org/2001/XMLSchema-instance" xsi:noNamespaceSchemaLocation="https://maven.apache.org/surefire/maven-surefire-plugin/xsd/surefire-test-report-3.0.xsd" version="3.0" name="com.pangan.animedb.AnimedbApplicationTests" time="5.198" tests="1" errors="0" skipped="0" failures="0">
  <properties>
[...]
</properties>
  <testcase name="contextLoads" classname="com.pangan.animedb.AnimedbApplicationTests" time="0.972">
    <system-out><![CDATA[10:34:59.432 [main] INFO org.springframework.test.context.support.AnnotationConfigContextLoaderUtils -- Could not detect default configuration classes for test class [com.pangan.animedb.AnimedbApplicationTests]: AnimedbApplicationTests does not declare any static, non-private, non-final, nested classes annotated with @Configuration.
10:34:59.601 [main] INFO org.springframework.boot.test.context.SpringBootTestContextBootstrapper -- Found @SpringBootConfiguration com.pangan.animedb.AnimedbApplication for test class com.pangan.animedb.AnimedbApplicationTests

  .   ____          _            __ _ _
 /\\ / ___'_ __ _ _(_)_ __  __ _ \ \ \ \
( ( )\___ | '_ | '_| | '_ \/ _` | \ \ \ \
 \\/  ___)| |_)| | | | | || (_| |  ) ) ) )
  '  |____| .__|_| |_|_| |_\__, | / / / /
 =========|_|==============|___/=/_/_/_/
 :: Spring Boot ::                (v3.1.1)

2023-08-21T10:35:00.288+08:00  INFO 2196 --- [           main] c.p.animedb.AnimedbApplicationTests      : Starting AnimedbApplicationTests using Java 20.0.2 with PID 2196 (started by User in D:\User\Documents\Spring Boot\Anime DB\springboot\animedb)
2023-08-21T10:35:00.289+08:00  INFO 2196 --- [           main] c.p.animedb.AnimedbApplicationTests      : No active profile set, falling back to 1 default profile: "default"
2023-08-21T10:35:01.151+08:00  INFO 2196 --- [           main] .s.d.r.c.RepositoryConfigurationDelegate : Bootstrapping Spring Data MongoDB repositories in DEFAULT mode.
2023-08-21T10:35:01.235+08:00  INFO 2196 --- [           main] .s.d.r.c.RepositoryConfigurationDelegate : Finished Spring Data repository scanning in 78 ms. Found 5 MongoDB repository interfaces.
2023-08-21T10:35:02.047+08:00  INFO 2196 --- [           main] org.mongodb.driver.client                : MongoClient with metadata {"driver": {"name": "mongo-java-driver|sync|spring-boot", "version": "4.9.1"}, "os": {"type": "Windows", "name": "Windows 10", "architecture": "amd64", "version": "10.0"}, "platform": "Java/Eclipse Adoptium/20.0.2+9"} created with settings MongoClientSettings{readPreference=primary, writeConcern=WriteConcern{w=majority, wTimeout=null ms, journal=null}, retryWrites=true, retryReads=true, readConcern=ReadConcern{level=null}, credential=MongoCredential{mechanism=null, userName='animedb', source='admin', password=<hidden>, mechanismProperties=<hidden>}, streamFactoryFactory=null, commandListeners=[], codecRegistry=ProvidersCodecRegistry{codecProviders=[ValueCodecProvider{}, BsonValueCodecProvider{}, DBRefCodecProvider{}, DBObjectCodecProvider{}, DocumentCodecProvider{}, CollectionCodecProvider{}, IterableCodecProvider{}, MapCodecProvider{}, GeoJsonCodecProvider{}, GridFSFileCodecProvider{}, Jsr310CodecProvider{}, JsonObjectCodecProvider{}, BsonCodecProvider{}, EnumCodecProvider{}, com.mongodb.client.model.mql.ExpressionCodecProvider@1ff15a50, com.mongodb.Jep395RecordCodecProvider@217c23ce]}, loggerSettings=LoggerSettings{maxDocumentLength=1000}, clusterSettings={hosts=[127.0.0.1:27017], srvHost=animedbcluster.x0wmyeu.mongodb.net, srvServiceName=mongodb, mode=MULTIPLE, requiredClusterType=REPLICA_SET, requiredReplicaSetName='atlas-eqs25y-shard-0', serverSelector='null', clusterListeners='[]', serverSelectionTimeout='30000 ms', localThreshold='30000 ms'}, socketSettings=SocketSettings{connectTimeoutMS=10000, readTimeoutMS=0, receiveBufferSize=0, sendBufferSize=0}, heartbeatSocketSettings=SocketSettings{connectTimeoutMS=10000, readTimeoutMS=10000, receiveBufferSize=0, sendBufferSize=0}, connectionPoolSettings=ConnectionPoolSettings{maxSize=100, minSize=0, maxWaitTimeMS=120000, maxConnectionLifeTimeMS=0, maxConnectionIdleTimeMS=0, maintenanceInitialDelayMS=0, maintenanceFrequencyMS=60000, connectionPoolListeners=[], maxConnecting=2}, serverSettings=ServerSettings{heartbeatFrequencyMS=10000, minHeartbeatFrequencyMS=500, serverListeners='[]', serverMonitorListeners='[]'}, sslSettings=SslSettings{enabled=true, invalidHostNameAllowed=false, context=null}, applicationName='null', compressorList=[], uuidRepresentation=JAVA_LEGACY, serverApi=null, autoEncryptionSettings=null, contextProvider=null}
2023-08-21T10:35:02.405+08:00  INFO 2196 --- [yeu.mongodb.net] org.mongodb.driver.cluster               : Adding discovered server ac-f7qqzvm-shard-00-01.x0wmyeu.mongodb.net:27017 to client view of cluster
2023-08-21T10:35:02.448+08:00  INFO 2196 --- [yeu.mongodb.net] org.mongodb.driver.cluster               : Adding discovered server ac-f7qqzvm-shard-00-02.x0wmyeu.mongodb.net:27017 to client view of cluster
2023-08-21T10:35:02.450+08:00  INFO 2196 --- [yeu.mongodb.net] org.mongodb.driver.cluster               : Adding discovered server ac-f7qqzvm-shard-00-00.x0wmyeu.mongodb.net:27017 to client view of cluster
2023-08-21T10:35:03.078+08:00  INFO 2196 --- [           main] o.s.s.web.DefaultSecurityFilterChain     : Will secure any request with [org.springframework.security.web.session.DisableEncodeUrlFilter@2154652c, org.springframework.security.web.context.request.async.WebAsyncManagerIntegrationFilter@8b670c0, org.springframework.security.web.context.SecurityContextHolderFilter@5409dfdd, org.springframework.security.web.header.HeaderWriterFilter@40faff12, org.springframework.security.web.authentication.logout.LogoutFilter@4e94669c, com.pangan.animedb.auth.jwt.JwtAuthenticationFilter@4c2ab536, org.springframework.security.web.authentication.www.BasicAuthenticationFilter@749baa0c, org.springframework.security.web.savedrequest.RequestCacheAwareFilter@1c2d63f0, org.springframework.security.web.servletapi.SecurityContextHolderAwareRequestFilter@5c9e8a67, org.springframework.security.web.authentication.AnonymousAuthenticationFilter@22fb9a2c, org.springframework.security.web.session.SessionManagementFilter@719c1faf, org.springframework.security.web.access.ExceptionTranslationFilter@6f07d414, org.springframework.security.web.access.intercept.AuthorizationFilter@2fb082ff]
2023-08-21T10:35:03.361+08:00  INFO 2196 --- [           main] c.p.animedb.AnimedbApplicationTests      : Started AnimedbApplicationTests in 3.464 seconds (process running for 5.113)
2023-08-21T10:35:03.646+08:00  INFO 2196 --- [ngodb.net:27017] org.mongodb.driver.cluster               : Monitor thread successfully connected to server with description ServerDescription{address=ac-f7qqzvm-shard-00-01.x0wmyeu.mongodb.net:27017, type=REPLICA_SET_PRIMARY, state=CONNECTED, ok=true, minWireVersion=0, maxWireVersion=17, maxDocumentSize=16777216, logicalSessionTimeoutMinutes=30, roundTripTimeNanos=558064600, setName='atlas-eqs25y-shard-0', canonicalAddress=ac-f7qqzvm-shard-00-01.x0wmyeu.mongodb.net:27017, hosts=[ac-f7qqzvm-shard-00-00.x0wmyeu.mongodb.net:27017, ac-f7qqzvm-shard-00-01.x0wmyeu.mongodb.net:27017, ac-f7qqzvm-shard-00-02.x0wmyeu.mongodb.net:27017], passives=[], arbiters=[], primary='ac-f7qqzvm-shard-00-01.x0wmyeu.mongodb.net:27017', tagSet=TagSet{[Tag{name='nodeType', value='ELECTABLE'}, Tag{name='provider', value='AWS'}, Tag{name='region', value='AP_SOUTHEAST_1'}, Tag{name='workloadType', value='OPERATIONAL'}]}, electionId=7fffffff00000000000000c5, setVersion=7, topologyVersion=TopologyVersion{processId=64df7cb750b41dfe15f26c71, counter=6}, lastWriteDate=Mon Aug 21 10:38:01 CST 2023, lastUpdateTimeNanos=427319557135000}
2023-08-21T10:35:03.647+08:00  INFO 2196 --- [ngodb.net:27017] org.mongodb.driver.cluster               : Monitor thread successfully connected to server with description ServerDescription{address=ac-f7qqzvm-shard-00-02.x0wmyeu.mongodb.net:27017, type=REPLICA_SET_SECONDARY, state=CONNECTED, ok=true, minWireVersion=0, maxWireVersion=17, maxDocumentSize=16777216, logicalSessionTimeoutMinutes=30, roundTripTimeNanos=564573600, setName='atlas-eqs25y-shard-0', canonicalAddress=ac-f7qqzvm-shard-00-02.x0wmyeu.mongodb.net:27017, hosts=[ac-f7qqzvm-shard-00-00.x0wmyeu.mongodb.net:27017, ac-f7qqzvm-shard-00-01.x0wmyeu.mongodb.net:27017, ac-f7qqzvm-shard-00-02.x0wmyeu.mongodb.net:27017], passives=[], arbiters=[], primary='ac-f7qqzvm-shard-00-01.x0wmyeu.mongodb.net:27017', tagSet=TagSet{[Tag{name='nodeType', value='ELECTABLE'}, Tag{name='provider', value='AWS'}, Tag{name='region', value='AP_SOUTHEAST_1'}, Tag{name='workloadType', value='OPERATIONAL'}]}, electionId=null, setVersion=7, topologyVersion=TopologyVersion{processId=64df7d0f353456342aaa7def, counter=3}, lastWriteDate=Mon Aug 21 10:38:01 CST 2023, lastUpdateTimeNanos=427319557656300}
2023-08-21T10:35:03.647+08:00  INFO 2196 --- [ngodb.net:27017] org.mongodb.driver.cluster               : Monitor thread successfully connected to server with description ServerDescription{address=ac-f7qqzvm-shard-00-00.x0wmyeu.mongodb.net:27017, type=REPLICA_SET_SECONDARY, state=CONNECTED, ok=true, minWireVersion=0, maxWireVersion=17, maxDocumentSize=16777216, logicalSessionTimeoutMinutes=30, roundTripTimeNanos=564699300, setName='atlas-eqs25y-shard-0', canonicalAddress=ac-f7qqzvm-shard-00-00.x0wmyeu.mongodb.net:27017, hosts=[ac-f7qqzvm-shard-00-00.x0wmyeu.mongodb.net:27017, ac-f7qqzvm-shard-00-01.x0wmyeu.mongodb.net:27017, ac-f7qqzvm-shard-00-02.x0wmyeu.mongodb.net:27017], passives=[], arbiters=[], primary='ac-f7qqzvm-shard-00-01.x0wmyeu.mongodb.net:27017', tagSet=TagSet{[Tag{name='nodeType', value='ELECTABLE'}, Tag{name='provider', value='AWS'}, Tag{name='region', value='AP_SOUTHEAST_1'}, Tag{name='workloadType', value='OPERATIONAL'}]}, electionId=null, setVersion=7, topologyVersion=TopologyVersion{processId=64df7c60da4d3e3e434b0526, counter=4}, lastWriteDate=Mon Aug 21 10:38:01 CST 2023, lastUpdateTimeNanos=427319557781800}
2023-08-21T10:35:03.651+08:00  INFO 2196 --- [ngodb.net:27017] org.mongodb.driver.cluster               : Discovered replica set primary ac-f7qqzvm-shard-00-01.x0wmyeu.mongodb.net:27017 with max election id 7fffffff00000000000000c5 and max set version 7
]]></system-out>
  </testcase>
</testsuite>